
4월 05, 2017 09:32:19.65 NEW SESSION
4월 05, 2017 09:32:19.65 [54172:54196:0405/093219.652:ERROR:child_thread_impl.cc(762)] Request for unknown Channel-associated interface: ui::mojom::GpuMain
4월 05, 2017 09:32:19.70 [54172:54196:0405/093219.703:ERROR:mf_helpers.cc(12)] Error in dxva_video_decode_accelerator_win.cc on line 477
4월 05, 2017 09:32:48.55 [54660:54656:0405/093248.558:ERROR:child_thread_impl.cc(762)] Request for unknown Channel-associated interface: ui::mojom::GpuMain
4월 05, 2017 09:32:48.62 [54660:54656:0405/093248.629:ERROR:mf_helpers.cc(12)] Error in dxva_video_decode_accelerator_win.cc on line 477
4월 05, 2017 09:33:05.27 [54968:54960:0405/093305.261:ERROR:child_thread_impl.cc(762)] Request for unknown Channel-associated interface: ui::mojom::GpuMain
4월 05, 2017 09:33:05.33 [54968:54960:0405/093305.336:ERROR:mf_helpers.cc(12)] Error in dxva_video_decode_accelerator_win.cc on line 477
4월 05, 2017 10:08:03.72 [22392:18752:0405/100803.720:ERROR:child_thread_impl.cc(762)] Request for unknown Channel-associated interface: ui::mojom::GpuMain
4월 05, 2017 10:08:03.79 [22392:18752:0405/100803.798:ERROR:mf_helpers.cc(12)] Error in dxva_video_decode_accelerator_win.cc on line 477
4월 05, 2017 10:23:43.92 [28360:28408:0405/102343.911:ERROR:child_thread_impl.cc(762)] Request for unknown Channel-associated interface: ui::mojom::GpuMain
4월 05, 2017 10:23:43.98 [28360:28408:0405/102343.988:ERROR:mf_helpers.cc(12)] Error in dxva_video_decode_accelerator_win.cc on line 477
4월 05, 2017 10:23:51.75 [17840:16136:0405/102351.759:ERROR:child_thread_impl.cc(762)] Request for unknown Channel-associated interface: ui::mojom::GpuMain
4월 05, 2017 10:23:51.84 [17840:16136:0405/102351.849:ERROR:mf_helpers.cc(12)] Error in dxva_video_decode_accelerator_win.cc on line 477
4월 05, 2017 10:24:41.44 [6608:11500:0405/102441.431:ERROR:child_thread_impl.cc(762)] Request for unknown Channel-associated interface: ui::mojom::GpuMain
4월 05, 2017 10:24:41.52 [6608:11500:0405/102441.526:ERROR:mf_helpers.cc(12)] Error in dxva_video_decode_accelerator_win.cc on line 477
4월 05, 2017 10:25:16.78 [58068:1572:0405/102516.787:ERROR:child_thread_impl.cc(762)] Request for unknown Channel-associated interface: ui::mojom::GpuMain
4월 05, 2017 10:25:16.83 [58068:1572:0405/102516.835:ERROR:mf_helpers.cc(12)] Error in dxva_video_decode_accelerator_win.cc on line 477
4월 05, 2017 10:27:24.21 [30032:30524:0405/102724.216:ERROR:child_thread_impl.cc(762)] Request for unknown Channel-associated interface: ui::mojom::GpuMain
4월 05, 2017 10:27:24.32 [30032:30524:0405/102724.322:ERROR:mf_helpers.cc(12)] Error in dxva_video_decode_accelerator_win.cc on line 477
4월 05, 2017 10:39:07.91 A Parser-blocking, cross site (i.e. different eTLD+1) script, http://s1.daumcdn.net/svc/attach/U03/cssjs/mapapi/3.5.16/1486533804955/open.js, is invoked via document.write. This MAY be blocked by the browser in this or a future page load due to poor network connectivity. If blocked in this page load, it will be confirmed in a subsequent console message.See https://www.chromestatus.com/feature/5718547946799104 for more details.
4월 05, 2017 10:39:07.92 A Parser-blocking, cross site (i.e. different eTLD+1) script, http://s1.daumcdn.net/svc/attach/U03/cssjs/mapapi/3.5.16/1486533804955/open.js, is invoked via document.write. This MAY be blocked by the browser in this or a future page load due to poor network connectivity. If blocked in this page load, it will be confirmed in a subsequent console message.See https://www.chromestatus.com/feature/5718547946799104 for more details.
4월 05, 2017 10:39:07.92 A Parser-blocking, cross site (i.e. different eTLD+1) script, http://s1.daumcdn.net/svc/attach/U03/cssjs/mapapi/3.5.16/1486533804955/open.js, is invoked via document.write. This MAY be blocked by the browser in this or a future page load due to poor network connectivity. If blocked in this page load, it will be confirmed in a subsequent console message.See https://www.chromestatus.com/feature/5718547946799104 for more details.
4월 05, 2017 10:39:07.93 A Parser-blocking, cross site (i.e. different eTLD+1) script, http://s1.daumcdn.net/svc/attach/U03/cssjs/mapapi/3.5.16/1486533804955/open.js, is invoked via document.write. This MAY be blocked by the browser in this or a future page load due to poor network connectivity. If blocked in this page load, it will be confirmed in a subsequent console message.See https://www.chromestatus.com/feature/5718547946799104 for more details.
4월 05, 2017 10:39:07.93 A Parser-blocking, cross site (i.e. different eTLD+1) script, https://www.googletagservices.com/tag/js/gpt.js, is invoked via document.write. This MAY be blocked by the browser in this or a future page load due to poor network connectivity. If blocked in this page load, it will be confirmed in a subsequent console message.See https://www.chromestatus.com/feature/5718547946799104 for more details.
4월 05, 2017 10:39:07.94 A Parser-blocking, cross site (i.e. different eTLD+1) script, https://www.googletagservices.com/tag/js/gpt.js, is invoked via document.write. This MAY be blocked by the browser in this or a future page load due to poor network connectivity. If blocked in this page load, it will be confirmed in a subsequent console message.See https://www.chromestatus.com/feature/5718547946799104 for more details.
4월 05, 2017 10:39:07.94 A Parser-blocking, cross site (i.e. different eTLD+1) script, https://securepubads.g.doubleclick.net/gpt/pubads_impl_112.js, is invoked via document.write. This MAY be blocked by the browser in this or a future page load due to poor network connectivity. If blocked in this page load, it will be confirmed in a subsequent console message.See https://www.chromestatus.com/feature/5718547946799104 for more details.
4월 05, 2017 10:39:07.95 A Parser-blocking, cross site (i.e. different eTLD+1) script, https://securepubads.g.doubleclick.net/gpt/pubads_impl_112.js, is invoked via document.write. This MAY be blocked by the browser in this or a future page load due to poor network connectivity. If blocked in this page load, it will be confirmed in a subsequent console message.See https://www.chromestatus.com/feature/5718547946799104 for more details.
4월 05, 2017 10:39:08.26 A Parser-blocking, cross site (i.e. different eTLD+1) script, https://securepubads.g.doubleclick.net/gampad/ads?gdfp_req=1&correlator=2374511630558949&output=json_html&callback=googletag.impl.pubads.setAdContentsBySlotForSync&impl=ss&json_a=1&eid=108809080%2C108809148%2C21060233&sc=1&sfv=1-0-7&iu_parts=179214892%2CVenuePage_300x600_ROW%2CVenuePage_300x250_ROW&enc_prev_ius=%2F0%2F1%2C%2F0%2F2&prev_iu_szs=160x600%7C300x600%2C300x250&eri=4&cookie_enabled=1&lmt=1491356347&dt=1491356347901&cc=100&frm=20&biw=1903&bih=974&oid=3&adxs=-9%2C1127&adys=-9%2C686&adks=1573501402%2C2584373900&gut=v2&ifi=1&u_tz=540&u_his=1&u_h=1080&u_w=1920&u_ah=1040&u_aw=1920&u_cd=24&u_nplug=4&u_nmime=5&u_sd=1&flash=0&url=https%3A%2F%2Fko.foursquare.com%2Fv%2F%25EA%25B0%2595%25EB%2582%25A8%25EA%25B5%25AC%25EC%25B2%25AD-%25EC%2598%2588%25EB%25B9%2584%25EA%25B5%25B0%25EC%25A4%2591%25EB%258C%2580%2F4cbe8e68575d236ad7bbb98e&ref=https%3A%2F%2Fwww.google.co.kr%2F&dssz=8&icsg=10&std=0&csl=84&vrg=112&vrp=112&ga_vid=1426591808.1491356348&ga_sid=1491356348&ga_hid=619665963, is invoked via document.write. This MAY be blocked by the browser in this or a future page load due to poor network connectivity. If blocked in this page load, it will be confirmed in a subsequent console message.See https://www.chromestatus.com/feature/5718547946799104 for more details.
4월 05, 2017 10:39:08.27 A Parser-blocking, cross site (i.e. different eTLD+1) script, https://securepubads.g.doubleclick.net/gampad/ads?gdfp_req=1&correlator=2374511630558949&output=json_html&callback=googletag.impl.pubads.setAdContentsBySlotForSync&impl=ss&json_a=1&eid=108809080%2C108809148%2C21060233&sc=1&sfv=1-0-7&iu_parts=179214892%2CVenuePage_300x600_ROW%2CVenuePage_300x250_ROW&enc_prev_ius=%2F0%2F1%2C%2F0%2F2&prev_iu_szs=160x600%7C300x600%2C300x250&eri=4&cookie_enabled=1&lmt=1491356347&dt=1491356347901&cc=100&frm=20&biw=1903&bih=974&oid=3&adxs=-9%2C1127&adys=-9%2C686&adks=1573501402%2C2584373900&gut=v2&ifi=1&u_tz=540&u_his=1&u_h=1080&u_w=1920&u_ah=1040&u_aw=1920&u_cd=24&u_nplug=4&u_nmime=5&u_sd=1&flash=0&url=https%3A%2F%2Fko.foursquare.com%2Fv%2F%25EA%25B0%2595%25EB%2582%25A8%25EA%25B5%25AC%25EC%25B2%25AD-%25EC%2598%2588%25EB%25B9%2584%25EA%25B5%25B0%25EC%25A4%2591%25EB%258C%2580%2F4cbe8e68575d236ad7bbb98e&ref=https%3A%2F%2Fwww.google.co.kr%2F&dssz=8&icsg=10&std=0&csl=84&vrg=112&vrp=112&ga_vid=1426591808.1491356348&ga_sid=1491356348&ga_hid=619665963, is invoked via document.write. This MAY be blocked by the browser in this or a future page load due to poor network connectivity. If blocked in this page load, it will be confirmed in a subsequent console message.See https://www.chromestatus.com/feature/5718547946799104 for more details.
4월 05, 2017 10:39:08.28 A Parser-blocking, cross site (i.e. different eTLD+1) script, https://static.criteo.net/js/ld/publishertag.js, is invoked via document.write. This MAY be blocked by the browser in this or a future page load due to poor network connectivity. If blocked in this page load, it will be confirmed in a subsequent console message.See https://www.chromestatus.com/feature/5718547946799104 for more details.
4월 05, 2017 10:39:08.28 A Parser-blocking, cross site (i.e. different eTLD+1) script, https://static.criteo.net/js/ld/publishertag.js, is invoked via document.write. This MAY be blocked by the browser in this or a future page load due to poor network connectivity. If blocked in this page load, it will be confirmed in a subsequent console message.See https://www.chromestatus.com/feature/5718547946799104 for more details.
4월 05, 2017 10:39:08.29 A Parser-blocking, cross site (i.e. different eTLD+1) script, https://tpc.googlesyndication.com/pagead/js/r20170327/r20110914/activeview/osd_listener.js, is invoked via document.write. This MAY be blocked by the browser in this or a future page load due to poor network connectivity. If blocked in this page load, it will be confirmed in a subsequent console message.See https://www.chromestatus.com/feature/5718547946799104 for more details.
4월 05, 2017 10:39:08.30 A Parser-blocking, cross site (i.e. different eTLD+1) script, https://cas.criteo.com/delivery/ajs.php?ptv=14&zoneid=382679&cb=73360455195&nodis=1&charset=UTF-8&dc=3&atfr=0&loc=https%3A%2F%2Fko.foursquare.com%2Fv%2F%25EA%25B0%2595%25EB%2582%25A8%25EA%25B5%25AC%25EC%25B2%25AD-%25EC%2598%2588%25EB%25B9%2584%25EA%25B5%25B0%25EC%25A4%2591%25EB%258C%2580%2F4cbe8e68575d236ad7bbb98e, is invoked via document.write. This MAY be blocked by the browser in this or a future page load due to poor network connectivity. If blocked in this page load, it will be confirmed in a subsequent console message.See https://www.chromestatus.com/feature/5718547946799104 for more details.
4월 05, 2017 10:46:38.84 A Parser-blocking, cross site (i.e. different eTLD+1) script, https://cas.criteo.com/delivery/ajs.php?ptv=14&zoneid=382679&cb=73360455195&nodis=1&charset=UTF-8&dc=3&atfr=0&loc=https%3A%2F%2Fko.foursquare.com%2Fv%2F%25EA%25B0%2595%25EB%2582%25A8%25EA%25B
4월 05, 2017 10:49:07.08 [30308:43896:0405/104907.085:ERROR:child_thread_impl.cc(762)] Request for unknown Channel-associated interface: ui::mojom::GpuMain
4월 05, 2017 10:49:07.17 [30308:43896:0405/104907.173:ERROR:mf_helpers.cc(12)] Error in dxva_video_decode_accelerator_win.cc on line 477
4월 05, 2017 13:15:26.44 [72548:72692:0405/131526.447:ERROR:child_thread_impl.cc(762)] Request for unknown Channel-associated interface: ui::mojom::GpuMain
4월 05, 2017 13:15:26.49 [72548:72692:0405/131526.494:ERROR:mf_helpers.cc(12)] Error in dxva_video_decode_accelerator_win.cc on line 477
4월 05, 2017 14:02:29.90 [71864:72576:0405/140229.901:ERROR:child_thread_impl.cc(762)] Request for unknown Channel-associated interface: ui::mojom::GpuMain
4월 05, 2017 14:02:30.01 [71864:72576:0405/140230.017:ERROR:mf_helpers.cc(12)] Error in dxva_video_decode_accelerator_win.cc on line 477

4월 06, 2017 09:16:32.88 NEW SESSION
4월 06, 2017 09:16:32.88 [64552:64548:0406/091632.888:ERROR:child_thread_impl.cc(762)] Request for unknown Channel-associated interface: ui::mojom::GpuMain
4월 06, 2017 09:16:32.97 [64552:64548:0406/091632.979:ERROR:mf_helpers.cc(12)] Error in dxva_video_decode_accelerator_win.cc on line 477
4월 06, 2017 09:19:04.37 [72904:72896:0406/091904.373:ERROR:child_thread_impl.cc(762)] Request for unknown Channel-associated interface: ui::mojom::GpuMain
4월 06, 2017 09:19:04.44 [72904:72896:0406/091904.444:ERROR:mf_helpers.cc(12)] Error in dxva_video_decode_accelerator_win.cc on line 477
4월 06, 2017 14:33:12.11 [110400:123572:0406/143312.109:ERROR:child_thread_impl.cc(762)] Request for unknown Channel-associated interface: ui::mojom::GpuMain
4월 06, 2017 14:33:12.16 [110400:123572:0406/143312.167:ERROR:mf_helpers.cc(12)] Error in dxva_video_decode_accelerator_win.cc on line 477
4월 06, 2017 14:33:47.28 [125760:125716:0406/143347.286:ERROR:child_thread_impl.cc(762)] Request for unknown Channel-associated interface: ui::mojom::GpuMain
4월 06, 2017 14:33:47.34 [125760:125716:0406/143347.341:ERROR:mf_helpers.cc(12)] Error in dxva_video_decode_accelerator_win.cc on line 477
4월 06, 2017 14:40:51.40 [141084:141052:0406/144051.408:ERROR:child_thread_impl.cc(762)] Request for unknown Channel-associated interface: ui::mojom::GpuMain
4월 06, 2017 14:40:51.46 [141084:141052:0406/144051.464:ERROR:mf_helpers.cc(12)] Error in dxva_video_decode_accelerator_win.cc on line 477
4월 06, 2017 14:43:07.21 [129548:129380:0406/144307.210:ERROR:child_thread_impl.cc(762)] Request for unknown Channel-associated interface: ui::mojom::GpuMain
4월 06, 2017 14:43:07.29 [129548:129380:0406/144307.292:ERROR:mf_helpers.cc(12)] Error in dxva_video_decode_accelerator_win.cc on line 477
4월 06, 2017 14:44:17.29 [56164:48076:0406/144417.297:ERROR:child_thread_impl.cc(762)] Request for unknown Channel-associated interface: ui::mojom::GpuMain
4월 06, 2017 14:44:17.40 [56164:48076:0406/144417.399:ERROR:mf_helpers.cc(12)] Error in dxva_video_decode_accelerator_win.cc on line 477
4월 06, 2017 14:47:35.39 [71916:56616:0406/144735.391:ERROR:child_thread_impl.cc(762)] Request for unknown Channel-associated interface: ui::mojom::GpuMain
4월 06, 2017 14:47:35.46 [71916:56616:0406/144735.461:ERROR:mf_helpers.cc(12)] Error in dxva_video_decode_accelerator_win.cc on line 477
4월 06, 2017 14:52:05.01 [22880:8548:0406/145205.014:ERROR:child_thread_impl.cc(762)] Request for unknown Channel-associated interface: ui::mojom::GpuMain
4월 06, 2017 14:52:05.07 [22880:8548:0406/145205.078:ERROR:mf_helpers.cc(12)] Error in dxva_video_decode_accelerator_win.cc on line 477
4월 06, 2017 15:05:07.81 [73996:22284:0406/150507.814:ERROR:child_thread_impl.cc(762)] Request for unknown Channel-associated interface: ui::mojom::GpuMain
4월 06, 2017 15:05:07.91 [73996:22284:0406/150507.916:ERROR:mf_helpers.cc(12)] Error in dxva_video_decode_accelerator_win.cc on line 477
4월 06, 2017 15:07:27.86 [87400:99228:0406/150727.866:ERROR:child_thread_impl.cc(762)] Request for unknown Channel-associated interface: ui::mojom::GpuMain
4월 06, 2017 15:07:27.94 [87400:99228:0406/150727.949:ERROR:mf_helpers.cc(12)] Error in dxva_video_decode_accelerator_win.cc on line 477
4월 06, 2017 15:08:21.73 [86380:99504:0406/150821.737:ERROR:child_thread_impl.cc(762)] Request for unknown Channel-associated interface: ui::mojom::GpuMain
4월 06, 2017 15:08:21.83 [86380:99504:0406/150821.835:ERROR:mf_helpers.cc(12)] Error in dxva_video_decode_accelerator_win.cc on line 477
4월 06, 2017 15:15:29.09 [122252:122732:0406/151529.098:ERROR:child_thread_impl.cc(762)] Request for unknown Channel-associated interface: ui::mojom::GpuMain
4월 06, 2017 15:15:29.18 [122252:122732:0406/151529.179:ERROR:mf_helpers.cc(12)] Error in dxva_video_decode_accelerator_win.cc on line 477
4월 06, 2017 15:20:09.22 [111892:126916:0406/152009.219:ERROR:child_thread_impl.cc(762)] Request for unknown Channel-associated interface: ui::mojom::GpuMain
4월 06, 2017 15:20:09.29 [111892:126916:0406/152009.298:ERROR:mf_helpers.cc(12)] Error in dxva_video_decode_accelerator_win.cc on line 477
4월 06, 2017 15:20:43.21 [152628:152616:0406/152043.215:ERROR:child_thread_impl.cc(762)] Request for unknown Channel-associated interface: ui::mojom::GpuMain
4월 06, 2017 15:20:43.30 [152628:152616:0406/152043.301:ERROR:mf_helpers.cc(12)] Error in dxva_video_decode_accelerator_win.cc on line 477
4월 06, 2017 15:23:20.24 [47820:152640:0406/152320.245:ERROR:child_thread_impl.cc(762)] Request for unknown Channel-associated interface: ui::mojom::GpuMain
4월 06, 2017 15:23:20.30 [47820:152640:0406/152320.309:ERROR:mf_helpers.cc(12)] Error in dxva_video_decode_accelerator_win.cc on line 477
4월 06, 2017 15:25:30.65 [55368:73024:0406/152530.655:ERROR:child_thread_impl.cc(762)] Request for unknown Channel-associated interface: ui::mojom::GpuMain
4월 06, 2017 15:25:30.70 [55368:73024:0406/152530.708:ERROR:mf_helpers.cc(12)] Error in dxva_video_decode_accelerator_win.cc on line 477
4월 06, 2017 15:26:49.08 [16340:50392:0406/152649.081:ERROR:child_thread_impl.cc(762)] Request for unknown Channel-associated interface: ui::mojom::GpuMain
4월 06, 2017 15:26:49.13 [16340:50392:0406/152649.133:ERROR:mf_helpers.cc(12)] Error in dxva_video_decode_accelerator_win.cc on line 477
4월 06, 2017 15:28:15.45 [51624:52332:0406/152815.457:ERROR:child_thread_impl.cc(762)] Request for unknown Channel-associated interface: ui::mojom::GpuMain
4월 06, 2017 15:28:15.55 [51624:52332:0406/152815.552:ERROR:mf_helpers.cc(12)] Error in dxva_video_decode_accelerator_win.cc on line 477
4월 06, 2017 15:28:30.06 [8268:51660:0406/152830.041:ERROR:child_thread_impl.cc(762)] Request for unknown Channel-associated interface: ui::mojom::GpuMain
4월 06, 2017 15:28:30.12 [8268:51660:0406/152830.121:ERROR:mf_helpers.cc(12)] Error in dxva_video_decode_accelerator_win.cc on line 477
4월 06, 2017 15:29:34.74 [153716:57140:0406/152934.743:ERROR:child_thread_impl.cc(762)] Request for unknown Channel-associated interface: ui::mojom::GpuMain
4월 06, 2017 15:29:34.79 [153716:57140:0406/152934.791:ERROR:mf_helpers.cc(12)] Error in dxva_video_decode_accelerator_win.cc on line 477
4월 06, 2017 15:30:22.42 [154412:50032:0406/153022.421:ERROR:child_thread_impl.cc(762)] Request for unknown Channel-associated interface: ui::mojom::GpuMain
4월 06, 2017 15:30:22.50 [154412:50032:0406/153022.503:ERROR:mf_helpers.cc(12)] Error in dxva_video_decode_accelerator_win.cc on line 477
4월 06, 2017 15:31:48.75 [33856:33320:0406/153148.759:ERROR:child_thread_impl.cc(762)] Request for unknown Channel-associated interface: ui::mojom::GpuMain
4월 06, 2017 15:31:48.81 [33856:33320:0406/153148.815:ERROR:mf_helpers.cc(12)] Error in dxva_video_decode_accelerator_win.cc on line 477
4월 06, 2017 15:32:48.54 [9160:57120:0406/153248.547:ERROR:child_thread_impl.cc(762)] Request for unknown Channel-associated interface: ui::mojom::GpuMain
4월 06, 2017 15:32:48.60 [9160:57120:0406/153248.608:ERROR:mf_helpers.cc(12)] Error in dxva_video_decode_accelerator_win.cc on line 477
4월 06, 2017 15:33:04.18 [61728:71072:0406/153304.186:ERROR:child_thread_impl.cc(762)] Request for unknown Channel-associated interface: ui::mojom::GpuMain
4월 06, 2017 15:33:04.30 [61728:71072:0406/153304.308:ERROR:mf_helpers.cc(12)] Error in dxva_video_decode_accelerator_win.cc on line 477
4월 06, 2017 15:33:08.94 [62168:73228:0406/153308.940:ERROR:child_thread_impl.cc(762)] Request for unknown Channel-associated interface: ui::mojom::GpuMain
4월 06, 2017 15:33:09.01 [62168:73228:0406/153309.016:ERROR:mf_helpers.cc(12)] Error in dxva_video_decode_accelerator_win.cc on line 477
4월 06, 2017 15:34:30.34 [90000:89580:0406/153430.345:ERROR:child_thread_impl.cc(762)] Request for unknown Channel-associated interface: ui::mojom::GpuMain
4월 06, 2017 15:34:30.43 [90000:89580:0406/153430.431:ERROR:mf_helpers.cc(12)] Error in dxva_video_decode_accelerator_win.cc on line 477
4월 06, 2017 15:34:55.94 [73428:74464:0406/153455.947:ERROR:child_thread_impl.cc(762)] Request for unknown Channel-associated interface: ui::mojom::GpuMain
4월 06, 2017 15:34:55.99 [73428:74464:0406/153455.999:ERROR:mf_helpers.cc(12)] Error in dxva_video_decode_accelerator_win.cc on line 477
4월 06, 2017 15:38:10.94 [124876:124856:0406/153810.943:ERROR:child_thread_impl.cc(762)] Request for unknown Channel-associated interface: ui::mojom::GpuMain
4월 06, 2017 15:38:11.00 [124876:124856:0406/153811.007:ERROR:mf_helpers.cc(12)] Error in dxva_video_decode_accelerator_win.cc on line 477
4월 06, 2017 15:38:38.56 [126200:120272:0406/153838.567:ERROR:child_thread_impl.cc(762)] Request for unknown Channel-associated interface: ui::mojom::GpuMain
4월 06, 2017 15:38:38.64 [126200:120272:0406/153838.639:ERROR:mf_helpers.cc(12)] Error in dxva_video_decode_accelerator_win.cc on line 477
4월 06, 2017 15:39:23.60 [125788:122132:0406/153923.606:ERROR:child_thread_impl.cc(762)] Request for unknown Channel-associated interface: ui::mojom::GpuMain
4월 06, 2017 15:39:23.71 [125788:122132:0406/153923.715:ERROR:mf_helpers.cc(12)] Error in dxva_video_decode_accelerator_win.cc on line 477
4월 06, 2017 15:39:53.16 [131376:125292:0406/153953.164:ERROR:child_thread_impl.cc(762)] Request for unknown Channel-associated interface: ui::mojom::GpuMain
4월 06, 2017 15:39:53.25 [131376:125292:0406/153953.253:ERROR:mf_helpers.cc(12)] Error in dxva_video_decode_accelerator_win.cc on line 477
4월 06, 2017 15:45:25.79 [152788:47036:0406/154525.797:ERROR:child_thread_impl.cc(762)] Request for unknown Channel-associated interface: ui::mojom::GpuMain
4월 06, 2017 15:45:25.86 [152788:47036:0406/154525.869:ERROR:mf_helpers.cc(12)] Error in dxva_video_decode_accelerator_win.cc on line 477

4월 06, 2017 15:49:21.31 NEW SESSION
4월 06, 2017 15:49:21.31 [123700:127108:0406/154921.313:ERROR:child_thread_impl.cc(762)] Request for unknown Channel-associated interface: ui::mojom::GpuMain
4월 06, 2017 15:49:21.44 [123700:127108:0406/154921.445:ERROR:mf_helpers.cc(12)] Error in dxva_video_decode_accelerator_win.cc on line 477
4월 06, 2017 15:49:28.12 [124964:125668:0406/154928.121:ERROR:child_thread_impl.cc(762)] Request for unknown Channel-associated interface: ui::mojom::GpuMain
4월 06, 2017 15:49:28.23 [124964:125668:0406/154928.235:ERROR:mf_helpers.cc(12)] Error in dxva_video_decode_accelerator_win.cc on line 477
4월 06, 2017 15:49:57.77 [57920:57116:0406/154957.773:ERROR:child_thread_impl.cc(762)] Request for unknown Channel-associated interface: ui::mojom::GpuMain
4월 06, 2017 15:49:57.83 [57920:57116:0406/154957.838:ERROR:mf_helpers.cc(12)] Error in dxva_video_decode_accelerator_win.cc on line 477
4월 06, 2017 15:50:58.74 [58932:6616:0406/155058.748:ERROR:child_thread_impl.cc(762)] Request for unknown Channel-associated interface: ui::mojom::GpuMain
4월 06, 2017 15:50:58.82 [58932:6616:0406/155058.827:ERROR:mf_helpers.cc(12)] Error in dxva_video_decode_accelerator_win.cc on line 477
4월 06, 2017 15:53:33.33 [39144:29848:0406/155333.334:ERROR:child_thread_impl.cc(762)] Request for unknown Channel-associated interface: ui::mojom::GpuMain
4월 06, 2017 15:53:33.41 [39144:29848:0406/155333.414:ERROR:mf_helpers.cc(12)] Error in dxva_video_decode_accelerator_win.cc on line 477
4월 06, 2017 15:55:58.96 [91236:75428:0406/155558.959:ERROR:child_thread_impl.cc(762)] Request for unknown Channel-associated interface: ui::mojom::GpuMain
4월 06, 2017 15:55:59.01 [91236:75428:0406/155559.018:ERROR:mf_helpers.cc(12)] Error in dxva_video_decode_accelerator_win.cc on line 477
4월 06, 2017 15:56:06.69 [95632:22376:0406/155606.690:ERROR:child_thread_impl.cc(762)] Request for unknown Channel-associated interface: ui::mojom::GpuMain
4월 06, 2017 15:56:06.75 [95632:22376:0406/155606.757:ERROR:mf_helpers.cc(12)] Error in dxva_video_decode_accelerator_win.cc on line 477
4월 06, 2017 15:56:21.58 [115104:89360:0406/155621.582:ERROR:child_thread_impl.cc(762)] Request for unknown Channel-associated interface: ui::mojom::GpuMain
4월 06, 2017 15:56:21.65 [115104:89360:0406/155621.650:ERROR:mf_helpers.cc(12)] Error in dxva_video_decode_accelerator_win.cc on line 477
4월 06, 2017 15:56:36.04 [60580:60440:0406/155636.048:ERROR:child_thread_impl.cc(762)] Request for unknown Channel-associated interface: ui::mojom::GpuMain
4월 06, 2017 15:56:36.16 [60580:60440:0406/155636.165:ERROR:mf_helpers.cc(12)] Error in dxva_video_decode_accelerator_win.cc on line 477
4월 06, 2017 15:56:47.13 [124444:124420:0406/155647.139:ERROR:child_thread_impl.cc(762)] Request for unknown Channel-associated interface: ui::mojom::GpuMain
4월 06, 2017 15:56:47.20 [124444:124420:0406/155647.204:ERROR:mf_helpers.cc(12)] Error in dxva_video_decode_accelerator_win.cc on line 477
4월 06, 2017 16:15:28.08 [2668:11956:0406/161528.086:ERROR:child_thread_impl.cc(762)] Request for unknown Channel-associated interface: ui::mojom::GpuMain
4월 06, 2017 16:15:28.18 [2668:11956:0406/161528.180:ERROR:mf_helpers.cc(12)] Error in dxva_video_decode_accelerator_win.cc on line 477
4월 06, 2017 16:17:20.93 [67044:73456:0406/161720.933:ERROR:child_thread_impl.cc(762)] Request for unknown Channel-associated interface: ui::mojom::GpuMain
4월 06, 2017 16:17:20.98 [67044:73456:0406/161720.981:ERROR:mf_helpers.cc(12)] Error in dxva_video_decode_accelerator_win.cc on line 477
4월 06, 2017 16:18:01.63 [62660:63932:0406/161801.638:ERROR:child_thread_impl.cc(762)] Request for unknown Channel-associated interface: ui::mojom::GpuMain
4월 06, 2017 16:18:01.72 [62660:63932:0406/161801.723:ERROR:mf_helpers.cc(12)] Error in dxva_video_decode_accelerator_win.cc on line 477
4월 06, 2017 16:18:32.86 [87432:90796:0406/161832.836:ERROR:child_thread_impl.cc(762)] Request for unknown Channel-associated interface: ui::mojom::GpuMain
4월 06, 2017 16:18:32.91 [87432:90796:0406/161832.912:ERROR:mf_helpers.cc(12)] Error in dxva_video_decode_accelerator_win.cc on line 477
4월 06, 2017 16:18:57.45 [90088:90860:0406/161857.451:ERROR:child_thread_impl.cc(762)] Request for unknown Channel-associated interface: ui::mojom::GpuMain
4월 06, 2017 16:18:57.52 [90088:90860:0406/161857.521:ERROR:mf_helpers.cc(12)] Error in dxva_video_decode_accelerator_win.cc on line 477

4월 06, 2017 16:27:24.94 NEW SESSION
4월 06, 2017 16:27:24.94 [1744:7280:0406/162724.945:ERROR:child_thread_impl.cc(762)] Request for unknown Channel-associated interface: ui::mojom::GpuMain
4월 06, 2017 16:27:25.02 [1744:7280:0406/162725.022:ERROR:mf_helpers.cc(12)] Error in dxva_video_decode_accelerator_win.cc on line 477
4월 06, 2017 16:28:27.62 [5292:2072:0406/162827.622:ERROR:child_thread_impl.cc(762)] Request for unknown Channel-associated interface: ui::mojom::GpuMain
4월 06, 2017 16:28:27.69 [5292:2072:0406/162827.692:ERROR:mf_helpers.cc(12)] Error in dxva_video_decode_accelerator_win.cc on line 477

4월 06, 2017 17:32:22.68 NEW SESSION
4월 06, 2017 17:32:22.68 [4888:4860:0406/173222.688:ERROR:child_thread_impl.cc(762)] Request for unknown Channel-associated interface: ui::mojom::GpuMain
4월 06, 2017 17:32:22.83 [4888:4860:0406/173222.834:ERROR:mf_helpers.cc(12)] Error in dxva_video_decode_accelerator_win.cc on line 477
4월 06, 2017 17:35:37.88 [2156:4300:0406/173537.887:ERROR:child_thread_impl.cc(762)] Request for unknown Channel-associated interface: ui::mojom::GpuMain
4월 06, 2017 17:35:37.98 [2156:4300:0406/173537.979:ERROR:mf_helpers.cc(12)] Error in dxva_video_decode_accelerator_win.cc on line 477
4월 06, 2017 17:36:13.57 [4552:3312:0406/173613.573:ERROR:child_thread_impl.cc(762)] Request for unknown Channel-associated interface: ui::mojom::GpuMain
4월 06, 2017 17:36:13.66 [4552:3312:0406/173613.661:ERROR:mf_helpers.cc(12)] Error in dxva_video_decode_accelerator_win.cc on line 477
4월 06, 2017 17:40:59.89 [2420:2996:0406/174059.894:ERROR:child_thread_impl.cc(762)] Request for unknown Channel-associated interface: ui::mojom::GpuMain
4월 06, 2017 17:40:59.98 [2420:2996:0406/174059.983:ERROR:mf_helpers.cc(12)] Error in dxva_video_decode_accelerator_win.cc on line 477
4월 06, 2017 17:47:27.09 [4700:3456:0406/174727.099:ERROR:child_thread_impl.cc(762)] Request for unknown Channel-associated interface: ui::mojom::GpuMain
4월 06, 2017 17:47:27.18 [4700:3456:0406/174727.184:ERROR:mf_helpers.cc(12)] Error in dxva_video_decode_accelerator_win.cc on line 477
4월 06, 2017 17:47:59.12 [1168:2384:0406/174759.124:ERROR:child_thread_impl.cc(762)] Request for unknown Channel-associated interface: ui::mojom::GpuMain
4월 06, 2017 17:47:59.21 [1168:2384:0406/174759.214:ERROR:mf_helpers.cc(12)] Error in dxva_video_decode_accelerator_win.cc on line 477
4월 06, 2017 17:49:06.72 [8968:8972:0406/174906.728:ERROR:child_thread_impl.cc(762)] Request for unknown Channel-associated interface: ui::mojom::GpuMain
4월 06, 2017 17:49:06.78 [8968:8972:0406/174906.786:ERROR:mf_helpers.cc(12)] Error in dxva_video_decode_accelerator_win.cc on line 477
4월 06, 2017 17:50:32.96 [148:3236:0406/175032.965:ERROR:child_thread_impl.cc(762)] Request for unknown Channel-associated interface: ui::mojom::GpuMain
4월 06, 2017 17:50:33.06 [148:3236:0406/175033.068:ERROR:mf_helpers.cc(12)] Error in dxva_video_decode_accelerator_win.cc on line 477
4월 06, 2017 17:51:35.72 [6340:5664:0406/175135.727:ERROR:child_thread_impl.cc(762)] Request for unknown Channel-associated interface: ui::mojom::GpuMain
4월 06, 2017 17:51:35.83 [6340:5664:0406/175135.838:ERROR:mf_helpers.cc(12)] Error in dxva_video_decode_accelerator_win.cc on line 477
4월 06, 2017 17:53:08.85 [9060:9072:0406/175308.849:ERROR:child_thread_impl.cc(762)] Request for unknown Channel-associated interface: ui::mojom::GpuMain
4월 06, 2017 17:53:08.93 [9060:9072:0406/175308.930:ERROR:mf_helpers.cc(12)] Error in dxva_video_decode_accelerator_win.cc on line 477
4월 06, 2017 17:53:21.55 [968:5484:0406/175321.559:ERROR:child_thread_impl.cc(762)] Request for unknown Channel-associated interface: ui::mojom::GpuMain
4월 06, 2017 17:53:21.64 [968:5484:0406/175321.649:ERROR:mf_helpers.cc(12)] Error in dxva_video_decode_accelerator_win.cc on line 477
4월 06, 2017 17:54:11.84 [7408:5240:0406/175411.845:ERROR:child_thread_impl.cc(762)] Request for unknown Channel-associated interface: ui::mojom::GpuMain
4월 06, 2017 17:54:11.93 [7408:5240:0406/175411.937:ERROR:mf_helpers.cc(12)] Error in dxva_video_decode_accelerator_win.cc on line 477
4월 06, 2017 17:55:51.12 [5212:8088:0406/175551.127:ERROR:child_thread_impl.cc(762)] Request for unknown Channel-associated interface: ui::mojom::GpuMain
4월 06, 2017 17:55:51.21 [5212:8088:0406/175551.214:ERROR:mf_helpers.cc(12)] Error in dxva_video_decode_accelerator_win.cc on line 477
4월 06, 2017 17:56:10.83 [7760:3192:0406/175610.837:ERROR:child_thread_impl.cc(762)] Request for unknown Channel-associated interface: ui::mojom::GpuMain
4월 06, 2017 17:56:10.88 [7760:3192:0406/175610.889:ERROR:mf_helpers.cc(12)] Error in dxva_video_decode_accelerator_win.cc on line 477

4월 07, 2017 14:39:45.77 NEW SESSION
4월 07, 2017 14:39:45.77 [7380:5328:0407/143945.768:ERROR:child_thread_impl.cc(762)] Request for unknown Channel-associated interface: ui::mojom::GpuMain
4월 07, 2017 14:39:45.86 [7380:5328:0407/143945.861:ERROR:mf_helpers.cc(12)] Error in dxva_video_decode_accelerator_win.cc on line 477
4월 07, 2017 17:49:22.50 [10820:10824:0407/174922.499:ERROR:child_thread_impl.cc(762)] Request for unknown Channel-associated interface: ui::mojom::GpuMain
4월 07, 2017 17:49:22.57 [10820:10824:0407/174922.573:ERROR:mf_helpers.cc(12)] Error in dxva_video_decode_accelerator_win.cc on line 477

4월 13, 2017 09:32:09.92 NEW SESSION
4월 13, 2017 09:32:09.92 [6680:3724:0413/093209.926:ERROR:child_thread_impl.cc(762)] Request for unknown Channel-associated interface: ui::mojom::GpuMain
4월 13, 2017 09:32:10.00 [6680:3724:0413/093210.009:ERROR:mf_helpers.cc(12)] Error in dxva_video_decode_accelerator_win.cc on line 477
4월 13, 2017 11:40:33.43 [WARNING:..\..\..\..\flash\platform\pepper\pep_module.cpp(63)] SANDBOXED
4월 13, 2017 13:11:06.75 [4992:660:0413/131106.754:ERROR:render_process_host_impl.cc(2059)] Request for unknown Channel-associated interface: device::mojom::ScreenOrientationListener
4월 13, 2017 13:13:24.34 A Parser-blocking, cross site (i.e. different eTLD+1) script, https://ajax.googleapis.com/ajax/libs/jquery/1.8/jquery.min.js, is invoked via document.write. This MAY be blocked by the browser in this or a future page load due to poor network connectivity. If blocked in this page load, it will be confirmed in a subsequent console message.See https://www.chromestatus.com/feature/5718547946799104 for more details.
4월 13, 2017 13:13:24.35 A Parser-blocking, cross site (i.e. different eTLD+1) script, https://ajax.googleapis.com/ajax/libs/jquery/1.8/jquery.min.js, is invoked via document.write. This MAY be blocked by the browser in this or a future page load due to poor network connectivity. If blocked in this page load, it will be confirmed in a subsequent console message.See https://www.chromestatus.com/feature/5718547946799104 for more details.
4월 13, 2017 13:13:24.35 A Parser-blocking, cross site (i.e. different eTLD+1) script, https://ajax.googleapis.com/ajax/libs/jquery/1.8/jquery.min.js, is invoked via document.write. This MAY be blocked by the browser in this or a future page load due to poor network connectivity. If blocked in this page load, it will be confirmed in a subsequent console message.See https://www.chromestatus.com/feature/5718547946799104 for more details.
4월 13, 2017 13:13:24.36 A Parser-blocking, cross site (i.e. different eTLD+1) script, https://ajax.googleapis.com/ajax/libs/jquery/1.8/jquery.min.js, is invoked via document.write. This MAY be blocked by the browser in this or a future page load due to poor network connectivity. If blocked in this page load, it will be confirmed in a subsequent console message.See https://www.chromestatus.com/feature/5718547946799104 for more details.
4월 13, 2017 13:13:24.37 A Parser-blocking, cross site (i.e. different eTLD+1) script, https://ajax.googleapis.com/ajax/libs/jquery/1.8/jquery.min.js, is invoked via document.write. This MAY be blocked by the browser in this or a future page load due to poor network connectivity. If blocked in this page load, it will be confirmed in a subsequent console message.See https://www.chromestatus.com/feature/5718547946799104 for more details.
4월 13, 2017 13:13:24.37 A Parser-blocking, cross site (i.e. different eTLD+1) script, https://ajax.googleapis.com/ajax/libs/jquery/1.8/jquery.min.js, is invoked via document.write. This MAY be blocked by the browser in this or a future page load due to poor network connectivity. If blocked in this page load, it will be confirmed in a subsequent console message.See https://www.chromestatus.com/feature/5718547946799104 for more details.
4월 13, 2017 13:13:24.38 A Parser-blocking, cross site (i.e. different eTLD+1) script, https://ajax.googleapis.com/ajax/libs/jquery/1.8/jquery.min.js, is invoked via document.write. This MAY be blocked by the browser in this or a future page load due to poor network connectivity. If blocked in this page load, it will be confirmed in a subsequent console message.See https://www.chromestatus.com/feature/5718547946799104 for more details.
4월 13, 2017 13:13:24.38 A Parser-blocking, cross site (i.e. different eTLD+1) script, https://ajax.googleapis.com/ajax/libs/jquery/1.8/jquery.min.js, is invoked via document.write. This MAY be blocked by the browser in this or a future page load due to poor network connectivity. If blocked in this page load, it will be confirmed in a subsequent console message.See https://www.chromestatus.com/feature/5718547946799104 for more details.
4월 13, 2017 13:13:24.39 A Parser-blocking, cross site (i.e. different eTLD+1) script, https://ajax.googleapis.com/ajax/libs/jquery/1.8/jquery.min.js, is invoked via document.write. This MAY be blocked by the browser in this or a future page load due to poor network connectivity. If blocked in this page load, it will be confirmed in a subsequent console message.See https://www.chromestatus.com/feature/5718547946799104 for more details.
4월 13, 2017 13:17:16.98 A Parser-blocking, cross site (i.e. different eTLD+1) script, https://ajax.googleapis.com/ajax/libs/jquery/1.8/jquery.min.js, is invoked via document.write. This MAY be blocked by the browser in this or a future page load due to poor network connectivity. If blocked in this page load, it will be confirmed in a subsequent console message.See https://www.chrome[4992:660:0413/131716.988:ERROR:render_process_host_impl.cc(2059)] Request for unknown Channel-associated interface: device::mojom::ScreenOrientationListener
4월 13, 2017 13:17:46.97 [WARNING:..\..\..\..\flash\platform\pepper\pep_module.cpp(63)] SANDBOXED
4월 13, 2017 13:19:41.92 [WARNING:..\..\..\..\flash\platform\pepper\pep_module.cpp(63)] SANDBOXED
4월 13, 2017 13:57:34.07 [WARNING:..\..\..\..\flash\platform\pepper\pep_module.cpp(63)] SANDBOXED
4월 13, 2017 14:06:04.97 [WARNING:..\..\..\..\flash\platform\pepper\pep_module.cpp(63)] SANDBOXED
4월 13, 2017 15:29:39.12 A Parser-blocking, cross site (i.e. different eTLD+1) script, http://cm.interworksmedia.co.kr/adTagRequest.htm?mediaId=zdnet&newsId=20170228131816&site=www.zdnet.lside&page=zdnet_news&position=x60&tagId=JX, is invoked via document.write. This MAY be blocked by the browser in this or a future page load due to poor network connectivity. If blocked in this page load, it will be confirmed in a subsequent console message.See https://www.chromestatus.com/feature/5718547946799104 for more details.
4월 13, 2017 15:29:39.17 A Parser-blocking, cross site (i.e. different eTLD+1) script, http://cm.interworksmedia.co.kr/adTagRequest.htm?mediaId=zdnet&newsId=20170228131816&site=www.zdnet.lside&page=zdnet_news&position=x60&tagId=JX, is invoked via document.write. This MAY be blocked by the browser in this or a future page load due to poor network connectivity. If blocked in this page load, it will be confirmed in a subsequent console message.See https://www.chromestatus.com/feature/5718547946799104 for more details.
4월 13, 2017 15:29:39.18 A Parser-blocking, cross site (i.e. different eTLD+1) script, http://ds.interworksmedia.co.kr/RealMedia/ads/adstream_jx.ads/www.zdnet.lside/zdnet_news@x60?_4022&_5382&_5383&_5412&_5475, is invoked via document.write. This MAY be blocked by the browser in this or a future page load due to poor network connectivity. If blocked in this page load, it will be confirmed in a subsequent console message.See https://www.chromestatus.com/feature/5718547946799104 for more details.
4월 13, 2017 15:29:39.18 A Parser-blocking, cross site (i.e. different eTLD+1) script, http://ds.interworksmedia.co.kr/RealMedia/ads/adstream_jx.ads/www.zdnet.lside/zdnet_news@x60?_4022&_5382&_5383&_5412&_5475, is invoked via document.write. This MAY be blocked by the browser in this or a future page load due to poor network connectivity. If blocked in this page load, it will be confirmed in a subsequent console message.See https://www.chromestatus.com/feature/5718547946799104 for more details.
4월 13, 2017 15:29:39.19 A Parser-blocking, cross site (i.e. different eTLD+1) script, http://rtax.criteo.com/delivery/rta/rta.js?netId=4120&cookieName=inter5_rta&rnd=78325208645&varName=crtg_content, is invoked via document.write. This MAY be blocked by the browser in this or a future page load due to poor network connectivity. If blocked in this page load, it will be confirmed in a subsequent console message.See https://www.chromestatus.com/feature/5718547946799104 for more details.
4월 13, 2017 15:29:39.19 A Parser-blocking, cross site (i.e. different eTLD+1) script, http://rtax.criteo.com/delivery/rta/rta.js?netId=4120&cookieName=inter5_rta&rnd=78325208645&varName=crtg_content, is invoked via document.write. This MAY be blocked by the browser in this or a future page load due to poor network connectivity. If blocked in this page load, it will be confirmed in a subsequent console message.See https://www.chromestatus.com/feature/5718547946799104 for more details.
4월 13, 2017 15:29:39.20 A Parser-blocking, cross site (i.e. different eTLD+1) script, http://ds.interworksmedia.co.kr/RealMedia/ads/adstream_jx.ads/www.zdnet.lside/zdnet_news@x60?_4022&_5382&_5383&_5412&_5475&RM_Exclude=1st, is invoked via document.write. This MAY be blocked by the browser in this or a future page load due to poor network connectivity. If blocked in this page load, it will be confirmed in a subsequent console message.See https://www.chromestatus.com/feature/5718547946799104 for more details.
4월 13, 2017 15:29:39.20 A Parser-blocking, cross site (i.e. different eTLD+1) script, http://ds.interworksmedia.co.kr/RealMedia/ads/adstream_jx.ads/www.zdnet.lside/zdnet_news@x60?_4022&_5382&_5383&_5412&_5475&RM_Exclude=1st, is invoked via document.write. This MAY be blocked by the browser in this or a future page load due to poor network connectivity. If blocked in this page load, it will be confirmed in a subsequent console message.See https://www.chromestatus.com/feature/5718547946799104 for more details.
4월 13, 2017 15:29:39.21 A Parser-blocking, cross site (i.e. different eTLD+1) script, http://interface.interworksmedia.co.kr/am/interworks/?fmt=2&random=1492064979105&site=www.zdnet.lside&page=zdnet_news&position=x60&query=_4022%26_5382%26_5383%26_5412%26_5475%26RM_Exclude%3D1st, is invoked via document.write. This MAY be blocked by the browser in this or a future page load due to poor network connectivity. If blocked in this page load, it will be confirmed in a subsequent console message.See https://www.chromestatus.com/feature/5718547946799104 for more details.
4월 13, 2017 15:29:39.22 A Parser-blocking, cross site (i.e. different eTLD+1) script, http://interface.interworksmedia.co.kr/am/interworks/?fmt=2&random=1492064979105&site=www.zdnet.lside&page=zdnet_news&position=x60&query=_4022%26_5382%26_5383%26_5412%26_5475%26RM_Exclude%3D1st, is invoked via document.write. This MAY be blocked by the browser in this or a future page load due to poor network connectivity. If blocked in this page load, it will be confirmed in a subsequent console message.See https://www.chromestatus.com/feature/5718547946799104 for more details.
4월 13, 2017 15:29:39.23 A Parser-blocking, cross site (i.e. different eTLD+1) script, http://ds.interworksmedia.co.kr/RealMedia/ads/adstream_jx.ads/www.zdnet.lside/zdnet_news@x60?_4022&_5382&_5383&_5412&_5475&RM_Exclude=am, is invoked via document.write. This MAY be blocked by the browser in this or a future page load due to poor network connectivity. If blocked in this page load, it will be confirmed in a subsequent console message.See https://www.chromestatus.com/feature/5718547946799104 for more details.
4월 13, 2017 15:29:39.25 A Parser-blocking, cross site (i.e. different eTLD+1) script, http://ds.interworksmedia.co.kr/RealMedia/ads/adstream_jx.ads/www.zdnet.lside/zdnet_news@x60?_4022&_5382&_5383&_5412&_5475&RM_Exclude=am, is invoked via document.write. This MAY be blocked by the browser in this or a future page load due to poor network connectivity. If blocked in this page load, it will be confirmed in a subsequent console message.See https://www.chromestatus.com/feature/5718547946799104 for more details.
4월 13, 2017 15:29:39.26 A Parser-blocking, cross site (i.e. different eTLD+1) script, http://cdn-exchange.toastoven.net/cdn/adx/js/rta_all.js, is invoked via document.write. This MAY be blocked by the browser in this or a future page load due to poor network connectivity. If blocked in this page load, it will be confirmed in a subsequent console message.See https://www.chromestatus.com/feature/5718547946799104 for more details.
4월 13, 2017 15:29:39.27 A Parser-blocking, cross site (i.e. different eTLD+1) script, http://cdn-exchange.toastoven.net/cdn/adx/js/rta_all.js, is invoked via document.write. This MAY be blocked by the browser in this or a future page load due to poor network connectivity. If blocked in this page load, it will be confirmed in a subsequent console message.See https://www.chromestatus.com/feature/5718547946799104 for more details.
4월 13, 2017 15:29:39.27 A Parser-blocking, cross site (i.e. different eTLD+1) script, http://adx-exchange.toast.com/a_request?pub_code=1732230622&area_code=1969071018&pag=www.zdnet.lside%5Ezdnet_news&site_url=zdnet.co.kr&page_url=http%3A%2F%2Fwww.zdnet.co.kr%2Fnews%2Fnews_view.asp%3Fartice_id%3D20170228131816&refer=https%3A%2F%2Fwww.google.co.kr%2F&result=&bnrs_e=&du=http%3A%2F%2Fds.interworksmedia.co.kr%2FRealMedia%2Fads%2Fadstream_jx.ads%2Fwww.zdnet.lside%2Fzdnet_news%40x60%3FRM_Exclude%3Damazing&rndm=0.495989658435666&cst=IFM_0, is invoked via document.write. This MAY be blocked by the browser in this or a future page load due to poor network connectivity. If blocked in this page load, it will be confirmed in a subsequent console message.See https://www.chromestatus.com/feature/5718547946799104 for more details.
4월 13, 2017 15:29:39.33 A Parser-blocking, cross site (i.e. different eTLD+1) script, http://adx-exchange.toast.com/a_request?pub_code=1732230622&area_code=1969071018&pag=www.zdnet.lside%5Ezdnet_news&site_url=zdnet.co.kr&page_url=http%3A%2F%2Fwww.zdnet.co.kr%2Fnews%2Fnews_view.asp%3Fartice_id%3D20170228131816&refer=https%3A%2F%2Fwww.google.co.kr%2F&result=&bnrs_e=&du=http%3A%2F%2Fds.interworksmedia.co.kr%2FRealMedia%2Fads%2Fadstream_jx.ads%2Fwww.zdnet.lside%2Fzdnet_news%40x60%3FRM_Exclude%3Damazing&rndm=0.495989658435666&cst=IFM_0, is invoked via document.write. This MAY be blocked by the browser in this or a future page load due to poor network connectivity. If blocked in this page load, it will be confirmed in a subsequent console message.See https://www.chromestatus.com/feature/5718547946799104 for more details.
4월 13, 2017 15:29:39.34 A Parser-blocking, cross site (i.e. different eTLD+1) script, http://ds.interworksmedia.co.kr/RealMedia/ads/adstream_jx.ads/www.zdnet.lside/zdnet_news@x60?RM_Exclude=amazing, is invoked via document.write. This MAY be blocked by the browser in this or a future page load due to poor network connectivity. If blocked in this page load, it will be confirmed in a subsequent console message.See https://www.chromestatus.com/feature/5718547946799104 for more details.
4월 13, 2017 15:29:39.34 A Parser-blocking, cross site (i.e. different eTLD+1) script, http://ds.interworksmedia.co.kr/RealMedia/ads/adstream_jx.ads/www.zdnet.lside/zdnet_news@x60?RM_Exclude=amazing, is invoked via document.write. This MAY be blocked by the browser in this or a future page load due to poor network connectivity. If blocked in this page load, it will be confirmed in a subsequent console message.See https://www.chromestatus.com/feature/5718547946799104 for more details.
4월 13, 2017 15:29:39.35 A Parser-blocking, cross site (i.e. different eTLD+1) script, http://adtg.widerplanet.com/delivery/wjs.php?zoneid=8237&cb=81430992820&charset=UTF-8&loc=http%3A//www.zdnet.co.kr/news/news_view.asp%3Fartice_id%3D20170228131816&referer=https%3A//www.google.co.kr/&category=www_zdnet_lside_x60&passback=http%3A//ds.interworksmedia.co.kr/RealMedia/ads/adstream_jx.ads/www.zdnet.lside/zdnet_news@x60%3FRM_Exclude%3Dwiderplanet, is invoked via document.write. This MAY be blocked by the browser in this or a future page load due to poor network connectivity. If blocked in this page load, it will be confirmed in a subsequent console message.See https://www.chromestatus.com/feature/5718547946799104 for more details.
4월 13, 2017 15:29:39.36 A Parser-blocking, cross site (i.e. different eTLD+1) script, http://adtg.widerplanet.com/delivery/wjs.php?zoneid=8237&cb=81430992820&charset=UTF-8&loc=http%3A//www.zdnet.co.kr/news/news_view.asp%3Fartice_id%3D20170228131816&referer=https%3A//www.google.co.kr/&category=www_zdnet_lside_x60&passback=http%3A//ds.interworksmedia.co.kr/RealMedia/ads/adstream_jx.ads/www.zdnet.lside/zdnet_news@x60%3FRM_Exclude%3Dwiderplanet, is invoked via document.write. This MAY be blocked by the browser in this or a future page load due to poor network connectivity. If blocked in this page load, it will be confirmed in a subsequent console message.See https://www.chromestatus.com/feature/5718547946799104 for more details.
4월 13, 2017 15:29:39.36 A Parser-blocking, cross site (i.e. different eTLD+1) script, http://cm.interworksmedia.co.kr/adTagRequest.htm?mediaId=zdnet&newsId=20170228131816&site=www.zdnet.interplay&page=zdnet_news&position=x90&tagId=JX&scriptId=iwmads-cm-1492064979250, is invoked via document.write. This MAY be blocked by the browser in this or a future page load due to poor network connectivity. If blocked in this page load, it will be confirmed in a subsequent console message.See https://www.chromestatus.com/feature/5718547946799104 for more details.
4월 13, 2017 15:29:39.37 A Parser-blocking, cross site (i.e. different eTLD+1) script, http://cm.interworksmedia.co.kr/adTagRequest.htm?mediaId=zdnet&newsId=20170228131816&site=www.zdnet.interplay&page=zdnet_news&position=x90&tagId=JX&scriptId=iwmads-cm-1492064979250, is invoked via document.write. This MAY be blocked by the browser in this or a future page load due to poor network connectivity. If blocked in this page load, it will be confirmed in a subsequent console message.See https://www.chromestatus.com/feature/5718547946799104 for more details.
4월 13, 2017 15:29:39.38 A Parser-blocking, cross site (i.e. different eTLD+1) script, http://ds.interworksmedia.co.kr/RealMedia/ads/adstream_jx.ads/www.zdnet.interplay/zdnet_news@x90?_4022&_5382&_5383&_5412&_5475, is invoked via document.write. This MAY be blocked by the browser in this or a future page load due to poor network connectivity. If blocked in this page load, it will be confirmed in a subsequent console message.See https://www.chromestatus.com/feature/5718547946799104 for more details.
4월 13, 2017 17:41:35.76 A Parser-blocking, cross site (i.e. different eTL[4992:660:0413/174135.765:ERROR:gcm_channel_status_request.cc(89)] GCM channel request failed.

4월 14, 2017 10:41:16.55 NEW SESSION
4월 14, 2017 10:41:16.55 [9292:9744:0414/104116.550:ERROR:child_thread_impl.cc(762)] Request for unknown Channel-associated interface: ui::mojom::GpuMain
4월 14, 2017 10:41:16.63 [9292:9744:0414/104116.631:ERROR:mf_helpers.cc(12)] Error in dxva_video_decode_accelerator_win.cc on line 477
4월 14, 2017 14:29:18.97 [5168:8452:0414/142918.742:ERROR:gcm_channel_status_request.cc(89)] GCM channel request failed.
4월 14, 2017 15:47:50.78 [5168:8452:0414/154750.744:ERROR:gcm_channel_status_request.cc(89)] GCM channel request failed.
